0 info it worked if it ends with ok
1 verbose cli [ 'node', '/usr/local/bin/npm', 'install', '-g', 'mongo-hacker' ]
2 info using npm@2.11.3
3 info using node@v0.12.7
4 verbose install initial load of /usr/local/lib/package.json
5 verbose readDependencies loading dependencies from /usr/local/lib/package.json
6 silly cache add args [ 'mongo-hacker', null ]
7 verbose cache add spec mongo-hacker
8 silly cache add parsed spec { raw: 'mongo-hacker',
8 silly cache add   scope: null,
8 silly cache add   name: 'mongo-hacker',
8 silly cache add   rawSpec: '',
8 silly cache add   spec: '*',
8 silly cache add   type: 'range' }
9 silly addNamed mongo-hacker@*
10 verbose addNamed "*" is a valid semver range for mongo-hacker
11 silly addNameRange { name: 'mongo-hacker', range: '*', hasData: false }
12 silly mapToRegistry name mongo-hacker
13 silly mapToRegistry using default registry
14 silly mapToRegistry registry https://registry.npmjs.org/
15 silly mapToRegistry uri https://registry.npmjs.org/mongo-hacker
16 verbose addNameRange registry:https://registry.npmjs.org/mongo-hacker not in flight; fetching
17 verbose request uri https://registry.npmjs.org/mongo-hacker
18 verbose request no auth needed
19 info attempt registry request try #1 at 11:57:45 AM
20 verbose request id 775917a5b3f2f0d2
21 verbose etag "D28D2XTUJ3WNV2O0H61S3NB2J"
22 http request GET https://registry.npmjs.org/mongo-hacker
23 http 304 https://registry.npmjs.org/mongo-hacker
24 silly get cb [ 304,
24 silly get   { date: 'Tue, 15 Sep 2015 18:57:45 GMT',
24 silly get     via: '1.1 varnish',
24 silly get     'cache-control': 'max-age=60',
24 silly get     etag: '"D28D2XTUJ3WNV2O0H61S3NB2J"',
24 silly get     age: '0',
24 silly get     connection: 'keep-alive',
24 silly get     'x-served-by': 'cache-sjc3135-SJC',
24 silly get     'x-cache': 'MISS',
24 silly get     'x-cache-hits': '0',
24 silly get     'x-timer': 'S1442343465.391585,VS0,VE44',
24 silly get     vary: 'Accept' } ]
25 verbose etag https://registry.npmjs.org/mongo-hacker from cache
26 verbose get saving mongo-hacker to /Users/maksim/.npm/registry.npmjs.org/mongo-hacker/.cache.json
27 silly addNameRange number 2 { name: 'mongo-hacker', range: '*', hasData: true }
28 silly addNameRange versions [ 'mongo-hacker', [ '0.0.3', '0.0.4', '0.0.5', '0.0.8' ] ]
29 silly addNamed mongo-hacker@0.0.8
30 verbose addNamed "0.0.8" is a plain semver version for mongo-hacker
31 silly cache afterAdd mongo-hacker@0.0.8
32 verbose afterAdd /Users/maksim/.npm/mongo-hacker/0.0.8/package/package.json not in flight; writing
33 verbose afterAdd /Users/maksim/.npm/mongo-hacker/0.0.8/package/package.json written
34 silly install resolved [ { name: 'mongo-hacker',
34 silly install resolved     version: '0.0.8',
34 silly install resolved     description: 'MongoDB Shell Enhancements for Hackers',
34 silly install resolved     scripts:
34 silly install resolved      { test: 'echo "Error: no test specified" && exit 1',
34 silly install resolved        install: 'make install',
34 silly install resolved        update: 'make install',
34 silly install resolved        postuninstall: 'make uninstall' },
34 silly install resolved     preferGlobal: true,
34 silly install resolved     repository:
34 silly install resolved      { type: 'git',
34 silly install resolved        url: 'git+ssh://git@github.com/TylerBrock/mongo-hacker.git' },
34 silly install resolved     keywords: [ 'mongodb', 'shell', 'hacks', 'tweaks' ],
34 silly install resolved     author: { name: 'Tyler Brock', email: 'tyler.brock@gmail.com' },
34 silly install resolved     homepage: 'http://tylerbrock.github.io/mongo-hacker/',
34 silly install resolved     license: 'MIT',
34 silly install resolved     bugs: { url: 'https://github.com/TylerBrock/mongo-hacker/issues' },
34 silly install resolved     gitHead: '78f9412df818daff3f82ed6c5f25ac60f35e4ba8',
34 silly install resolved     _id: 'mongo-hacker@0.0.8',
34 silly install resolved     _shasum: 'affb7e7577b9e9b234432a868ba6d93e6d3411e5',
34 silly install resolved     _from: 'mongo-hacker@*',
34 silly install resolved     _npmVersion: '2.7.5',
34 silly install resolved     _nodeVersion: '0.12.2',
34 silly install resolved     _npmUser: { name: 'tylerbrock', email: 'tyler.brock@gmail.com' },
34 silly install resolved     maintainers: [ [Object] ],
34 silly install resolved     dist:
34 silly install resolved      { shasum: 'affb7e7577b9e9b234432a868ba6d93e6d3411e5',
34 silly install resolved        tarball: 'http://registry.npmjs.org/mongo-hacker/-/mongo-hacker-0.0.8.tgz' },
34 silly install resolved     directories: {},
34 silly install resolved     _resolved: 'https://registry.npmjs.org/mongo-hacker/-/mongo-hacker-0.0.8.tgz',
34 silly install resolved     readme: 'ERROR: No README data found!' } ]
35 info install mongo-hacker@0.0.8 into /usr/local/lib
36 info installOne mongo-hacker@0.0.8
37 verbose installOne of mongo-hacker to /usr/local/lib not in flight; installing
38 verbose lock using /Users/maksim/.npm/_locks/mongo-hacker-ad7f305baebeac6b.lock for /usr/local/lib/node_modules/mongo-hacker
39 silly install write writing mongo-hacker 0.0.8 to /usr/local/lib/node_modules/mongo-hacker
40 verbose unbuild lib/node_modules/mongo-hacker
41 silly gentlyRm /usr/local/lib/node_modules/mongo-hacker is being purged from base /usr/local
42 verbose gentlyRm don't care about contents; nuking /usr/local/lib/node_modules/mongo-hacker
43 verbose tar unpack /Users/maksim/.npm/mongo-hacker/0.0.8/package.tgz
44 verbose tar unpacking to /usr/local/lib/node_modules/mongo-hacker
45 silly gentlyRm /usr/local/lib/node_modules/mongo-hacker is being purged
46 verbose gentlyRm don't care about contents; nuking /usr/local/lib/node_modules/mongo-hacker
47 silly gunzTarPerm modes [ '755', '644' ]
48 error tar.unpack untar error /Users/maksim/.npm/mongo-hacker/0.0.8/package.tgz
49 verbose unlock done using /Users/maksim/.npm/_locks/mongo-hacker-ad7f305baebeac6b.lock for /usr/local/lib/node_modules/mongo-hacker
50 verbose fstream_path /usr/local/lib/node_modules/mongo-hacker
51 verbose fstream_type Directory
52 verbose fstream_class DirWriter
53 verbose stack Error: EACCES, mkdir '/usr/local/lib/node_modules/mongo-hacker'
53 verbose stack     at Error (native)
54 verbose fstream_stack /usr/local/lib/node_modules/npm/node_modules/fstream/lib/dir-writer.js:35:25
54 verbose fstream_stack /usr/local/lib/node_modules/npm/node_modules/mkdirp/index.js:47:53
54 verbose fstream_stack FSReqWrap.oncomplete (fs.js:95:15)
55 verbose cwd /Users/maksim/Desktop/express_library
56 error Darwin 14.4.0
57 error argv "node" "/usr/local/bin/npm" "install" "-g" "mongo-hacker"
58 error node v0.12.7
59 error npm  v2.11.3
60 error path /usr/local/lib/node_modules/mongo-hacker
61 error code EACCES
62 error errno -13
63 error Error: EACCES, mkdir '/usr/local/lib/node_modules/mongo-hacker'
63 error     at Error (native)
63 error  { [Error: EACCES, mkdir '/usr/local/lib/node_modules/mongo-hacker']
63 error   errno: -13,
63 error   code: 'EACCES',
63 error   path: '/usr/local/lib/node_modules/mongo-hacker',
63 error   fstream_type: 'Directory',
63 error   fstream_path: '/usr/local/lib/node_modules/mongo-hacker',
63 error   fstream_class: 'DirWriter',
63 error   fstream_stack:
63 error    [ '/usr/local/lib/node_modules/npm/node_modules/fstream/lib/dir-writer.js:35:25',
63 error      '/usr/local/lib/node_modules/npm/node_modules/mkdirp/index.js:47:53',
63 error      'FSReqWrap.oncomplete (fs.js:95:15)' ] }
64 error Please try running this command again as root/Administrator.
65 verbose exit [ -13, true ]
66 verbose unbuild lib/node_modules/mongo-hacker
67 silly gentlyRm /usr/local/lib/node_modules/mongo-hacker is being purged from base /usr/local
68 verbose gentlyRm don't care about contents; nuking /usr/local/lib/node_modules/mongo-hacker
